Arguments: 
  /Users/prasadlakshan/.nvm/versions/node/v16.19.0/bin/node /usr/local/bin/yarn add express mongoose bcypt body-parser dotenv

PATH: 
  /Users/prasadlakshan/.nvm/versions/node/v16.19.0/bin:/Users/prasadlakshan/.nvm/versions/node/v16.19.0/bin:/Users/prasadlakshan/.nvm/versions/node/v16.19.0/bin:/Users/prasadlakshan/.nvm/versions/node/v16.19.0/bin:/Library/Frameworks/Python.framework/Versions/3.11/bin:/opt/homebrew/bin:/opt/homebrew/sbin:/usr/local/bin:/System/Cryptexes/App/usr/bin:/usr/bin:/bin:/usr/sbin:/sbin:/Users/prasadlakshan/.nvm/versions/node/v16.19.0/bin:/Library/Frameworks/Python.framework/Versions/3.11/bin:/opt/homebrew/bin:/opt/homebrew/sbin

Yarn version: 
  1.22.19

Node version: 
  16.19.0

Platform: 
  darwin arm64

Trace: 
  Error: https://registry.yarnpkg.com/bcypt: Not found
      at Request.params.callback [as _callback] (/usr/local/lib/node_modules/yarn/lib/cli.js:66145:18)
      at Request.self.callback (/usr/local/lib/node_modules/yarn/lib/cli.js:140890:22)
      at Request.emit (node:events:513:28)
      at Request.<anonymous> (/usr/local/lib/node_modules/yarn/lib/cli.js:141862:10)
      at Request.emit (node:events:513:28)
      at IncomingMessage.<anonymous> (/usr/local/lib/node_modules/yarn/lib/cli.js:141784:12)
      at Object.onceWrapper (node:events:627:28)
      at IncomingMessage.emit (node:events:525:35)
      at endReadableNT (node:internal/streams/readable:1358:12)
      at processTicksAndRejections (node:internal/process/task_queues:83:21)

npm manifest: 
  {
    "name": "e-commerce_mern",
    "version": "1.0.0",
    "description": "",
    "main": "index.js",
    "scripts": {
      "test": "echo \"Error: no test specified\" && exit 1"
    },
    "repository": {
      "type": "git",
      "url": "git+https://github.com/Prasadkpd/E-Commerce_MERN.git"
    },
    "keywords": [],
    "author": "",
    "license": "ISC",
    "bugs": {
      "url": "https://github.com/Prasadkpd/E-Commerce_MERN/issues"
    },
    "homepage": "https://github.com/Prasadkpd/E-Commerce_MERN#readme"
  }

yarn manifest: 
  No manifest

Lockfile: 
  No lockfile
